<?xml version="1.0" encoding="UTF-8"?>
<testng-results ignored="0" total="1" passed="1" failed="0" skipped="0">
  <reporter-output>
  </reporter-output>
  <suite started-at="2024-10-01T17:45:09 IST" name="Surefire suite" finished-at="2024-10-01T17:45:09 IST" duration-ms="48">
    <groups>
    </groups>
    <test started-at="2024-10-01T17:45:09 IST" name="Surefire test" finished-at="2024-10-01T17:45:09 IST" duration-ms="48">
      <class name="MavenSelenium.MavenSelenium.module1.AppTest">
        <test-method signature="testMain()" started-at="2024-10-01T17:45:09 IST" name="testMain" finished-at="2024-10-01T17:45:09 IST" duration-ms="6" status="PASS">
          <reporter-output>
          </reporter-output>
        </test-method> <!-- testMain -->
      </class> <!-- MavenSelenium.MavenSelenium.module1.AppTest -->
    </test> <!-- Surefire test -->
  </suite> <!-- Surefire suite -->
</testng-results>
