<?xml version="1.0" encoding="UTF-8"?>
<testng-results ignored="0" total="1" passed="1" failed="0" skipped="0">
  <reporter-output>
  </reporter-output>
  <suite started-at="2024-10-14T13:32:25 IST" name="Default suite" finished-at="2024-10-14T13:32:45 IST" duration-ms="20167">
    <groups>
    </groups>
    <test started-at="2024-10-14T13:32:25 IST" name="Default test" finished-at="2024-10-14T13:32:45 IST" duration-ms="20167">
      <class name="MavenSelenium.MavenSelenium.module1.Test9">
        <test-method is-config="true" signature="Launch_the_Application()[pri:0, instance:MavenSelenium.MavenSelenium.module1.Test9@25641d39]" started-at="2024-10-14T13:32:25 IST" name="Launch_the_Application" finished-at="2024-10-14T13:32:30 IST" duration-ms="5064" status="PASS">
          <reporter-output>
          </reporter-output>
        </test-method> <!-- Launch_the_Application -->
        <test-method signature="Add_Prod_to_cart()[pri:0, instance:MavenSelenium.MavenSelenium.module1.Test9@25641d39]" started-at="2024-10-14T13:32:30 IST" name="Add_Prod_to_cart" finished-at="2024-10-14T13:32:45 IST" duration-ms="14816" status="PASS">
          <reporter-output>
          </reporter-output>
        </test-method> <!-- Add_Prod_to_cart -->
        <test-method is-config="true" signature="closebrowser()[pri:0, instance:MavenSelenium.MavenSelenium.module1.Test9@25641d39]" started-at="2024-10-14T13:32:45 IST" name="closebrowser" finished-at="2024-10-14T13:32:45 IST" duration-ms="237" status="PASS">
          <reporter-output>
          </reporter-output>
        </test-method> <!-- closebrowser -->
      </class> <!-- MavenSelenium.MavenSelenium.module1.Test9 -->
    </test> <!-- Default test -->
  </suite> <!-- Default suite -->
</testng-results>
